<?xml version="1.0" encoding="UTF-8"?>
<coverage generated="1741918000624" clover="3.2.0">
  <project timestamp="1741918000624" name="All files">
    <metrics statements="57" coveredstatements="56" conditionals="27" coveredconditionals="21" methods="13" coveredmethods="13" elements="97" coveredelements="90" complexity="0" loc="57" ncloc="57" packages="3" files="3" classes="3"/>
    <package name="config">
      <metrics statements="4" coveredstatements="4" conditionals="0" coveredconditionals="0" methods="0" coveredmethods="0"/>
      <file name="db.js" path="/Users/lanamireille/Documents/UNI/seng2041/code-crusaders/backend/src/config/db.js">
        <metrics statements="4" coveredstatements="4" conditionals="0" coveredconditionals="0" methods="0" coveredmethods="0"/>
        <line num="4" count="2" type="stmt"/>
        <line num="6" count="2" type="stmt"/>
        <line num="7" count="2" type="stmt"/>
        <line num="8" count="2" type="stmt"/>
      </file>
    </package>
    <package name="middleware">
      <metrics statements="13" coveredstatements="13" conditionals="6" coveredconditionals="6" methods="1" coveredmethods="1"/>
      <file name="authMiddleware.js" path="/Users/lanamireille/Documents/UNI/seng2041/code-crusaders/backend/src/middleware/authMiddleware.js">
        <metrics statements="13" coveredstatements="13" conditionals="6" coveredconditionals="6" methods="1" coveredmethods="1"/>
        <line num="4" count="1" type="stmt"/>
        <line num="5" count="5" type="stmt"/>
        <line num="7" count="5" type="cond" truecount="2" falsecount="0"/>
        <line num="8" count="1" type="stmt"/>
        <line num="11" count="4" type="stmt"/>
        <line num="12" count="4" type="stmt"/>
        <line num="13" count="1" type="stmt"/>
        <line num="14" count="1" type="stmt"/>
        <line num="16" count="3" type="cond" truecount="2" falsecount="0"/>
        <line num="17" count="1" type="stmt"/>
        <line num="18" count="2" type="cond" truecount="2" falsecount="0"/>
        <line num="19" count="1" type="stmt"/>
        <line num="21" count="1" type="stmt"/>
      </file>
    </package>
    <package name="tests">
      <metrics statements="40" coveredstatements="39" conditionals="21" coveredconditionals="15" methods="12" coveredmethods="12"/>
      <file name="wrapper.js" path="/Users/lanamireille/Documents/UNI/seng2041/code-crusaders/backend/src/tests/wrapper.js">
        <metrics statements="40" coveredstatements="39" conditionals="21" coveredconditionals="15" methods="12" coveredmethods="12"/>
        <line num="8" count="2" type="stmt"/>
        <line num="9" count="2" type="stmt"/>
        <line num="10" count="2" type="stmt"/>
        <line num="11" count="2" type="stmt"/>
        <line num="13" count="2" type="cond" truecount="2" falsecount="1"/>
        <line num="14" count="64" type="stmt"/>
        <line num="16" count="64" type="cond" truecount="2" falsecount="0"/>
        <line num="17" count="4" type="stmt"/>
        <line num="18" count="4" type="stmt"/>
        <line num="19" count="4" type="stmt"/>
        <line num="21" count="4" type="stmt"/>
        <line num="27" count="4" type="stmt"/>
        <line num="35" count="1" type="stmt"/>
        <line num="43" count="60" type="stmt"/>
        <line num="56" count="28" type="stmt"/>
        <line num="62" count="35" type="stmt"/>
        <line num="71" count="2" type="stmt"/>
        <line num="72" count="17" type="stmt"/>
        <line num="74" count="17" type="cond" truecount="1" falsecount="1"/>
        <line num="75" count="0" type="stmt"/>
        <line num="81" count="2" type="stmt"/>
        <line num="82" count="11" type="stmt"/>
        <line num="84" count="2" type="stmt"/>
        <line num="85" count="4" type="stmt"/>
        <line num="87" count="2" type="stmt"/>
        <line num="88" count="27" type="stmt"/>
        <line num="90" count="2" type="stmt"/>
        <line num="91" count="5" type="stmt"/>
        <line num="93" count="2" type="stmt"/>
        <line num="94" count="2" type="stmt"/>
        <line num="96" count="2" type="stmt"/>
        <line num="97" count="3" type="stmt"/>
        <line num="99" count="2" type="stmt"/>
        <line num="100" count="2" type="stmt"/>
        <line num="102" count="2" type="stmt"/>
        <line num="103" count="4" type="stmt"/>
        <line num="105" count="2" type="stmt"/>
        <line num="106" count="3" type="stmt"/>
        <line num="109" count="2" type="stmt"/>
        <line num="110" count="3" type="stmt"/>
      </file>
    </package>
  </project>
</coverage>
