<?xml version="1.0" encoding="UTF-8"?>
<coverage generated="1741569726384" clover="3.2.0">
  <project timestamp="1741569726384" name="All files">
    <metrics statements="17" coveredstatements="14" conditionals="3" coveredconditionals="2" methods="3" coveredmethods="2" elements="23" coveredelements="18" complexity="0" loc="17" ncloc="17" packages="1" files="1" classes="1"/>
    <file name="wrapper.js" path="/Users/annabel/seng2021/code-crusaders/backend/src/tests/wrapper.js">
      <metrics statements="17" coveredstatements="14" conditionals="3" coveredconditionals="2" methods="3" coveredmethods="2"/>
      <line num="3" count="1" type="stmt"/>
      <line num="4" count="1" type="stmt"/>
      <line num="5" count="1" type="stmt"/>
      <line num="6" count="1" type="stmt"/>
      <line num="8" count="1" type="stmt"/>
      <line num="14" count="5" type="stmt"/>
      <line num="15" count="5" type="stmt"/>
      <line num="16" count="5" type="cond" truecount="1" falsecount="1"/>
      <line num="17" count="0" type="stmt"/>
      <line num="20" count="5" type="stmt"/>
      <line num="22" count="5" type="stmt"/>
      <line num="23" count="5" type="stmt"/>
      <line num="24" count="0" type="stmt"/>
      <line num="27" count="1" type="stmt"/>
      <line num="28" count="5" type="stmt"/>
      <line num="34" count="1" type="stmt"/>
      <line num="35" count="0" type="stmt"/>
    </file>
  </project>
</coverage>
