{"/Users/lanamireille/Documents/UNI/seng2041/code-crusaders/backend/src/config/db.js": {"path":"/Users/lanamireille/Documents/UNI/seng2041/code-crusaders/backend/src/config/db.js","statementMap":{"0":{"start":{"line":4,"column":0},"end":{"line":4,"column":16}},"1":{"start":{"line":6,"column":20},"end":{"line":6,"column":44}},"2":{"start":{"line":7,"column":20},"end":{"line":7,"column":44}},"3":{"start":{"line":8,"column":17},"end":{"line":8,"column":55}}},"fnMap":{},"branchMap":{},"s":{"0":2,"1":2,"2":2,"3":2},"f":{},"b":{},"_coverageSchema":"1a1c01bbd47fc00a2c39e90264f33305004495a9","hash":"ba5b0a456b6098de4af42c2a5878350f0d067f4a"}
,"/Users/lanamireille/Documents/UNI/seng2041/code-crusaders/backend/src/middleware/authMiddleware.js": {"path":"/Users/lanamireille/Documents/UNI/seng2041/code-crusaders/backend/src/middleware/authMiddleware.js","statementMap":{"0":{"start":{"line":4,"column":23},"end":{"line":24,"column":1}},"1":{"start":{"line":5,"column":16},"end":{"line":5,"column":56}},"2":{"start":{"line":7,"column":2},"end":{"line":9,"column":3}},"3":{"start":{"line":8,"column":4},"end":{"line":8,"column":64}},"4":{"start":{"line":11,"column":2},"end":{"line":23,"column":3}},"5":{"start":{"line":12,"column":20},"end":{"line":12,"column":61}},"6":{"start":{"line":13,"column":4},"end":{"line":13,"column":23}},"7":{"start":{"line":14,"column":4},"end":{"line":14,"column":11}},"8":{"start":{"line":16,"column":4},"end":{"line":22,"column":5}},"9":{"start":{"line":17,"column":6},"end":{"line":17,"column":62}},"10":{"start":{"line":18,"column":11},"end":{"line":22,"column":5}},"11":{"start":{"line":19,"column":6},"end":{"line":19,"column":62}},"12":{"start":{"line":21,"column":6},"end":{"line":21,"column":74}}},"fnMap":{"0":{"name":"(anonymous_0)","decl":{"start":{"line":4,"column":23},"end":{"line":4,"column":24}},"loc":{"start":{"line":4,"column":43},"end":{"line":24,"column":1}},"line":4}},"branchMap":{"0":{"loc":{"start":{"line":7,"column":2},"end":{"line":9,"column":3}},"type":"if","locations":[{"start":{"line":7,"column":2},"end":{"line":9,"column":3}},{"start":{},"end":{}}],"line":7},"1":{"loc":{"start":{"line":16,"column":4},"end":{"line":22,"column":5}},"type":"if","locations":[{"start":{"line":16,"column":4},"end":{"line":22,"column":5}},{"start":{"line":18,"column":11},"end":{"line":22,"column":5}}],"line":16},"2":{"loc":{"start":{"line":18,"column":11},"end":{"line":22,"column":5}},"type":"if","locations":[{"start":{"line":18,"column":11},"end":{"line":22,"column":5}},{"start":{"line":20,"column":11},"end":{"line":22,"column":5}}],"line":18}},"s":{"0":1,"1":5,"2":5,"3":1,"4":4,"5":4,"6":1,"7":1,"8":3,"9":1,"10":2,"11":1,"12":1},"f":{"0":5},"b":{"0":[1,4],"1":[1,2],"2":[1,1]},"_coverageSchema":"1a1c01bbd47fc00a2c39e90264f33305004495a9","hash":"a80251fc5697d234e67343be10c49568e92b6dd7"}
,"/Users/lanamireille/Documents/UNI/seng2041/code-crusaders/backend/src/tests/wrapper.js": {"path":"/Users/lanamireille/Documents/UNI/seng2041/code-crusaders/backend/src/tests/wrapper.js","statementMap":{"0":{"start":{"line":8,"column":13},"end":{"line":8,"column":24}},"1":{"start":{"line":9,"column":12},"end":{"line":9,"column":22}},"2":{"start":{"line":10,"column":19},"end":{"line":10,"column":35}},"3":{"start":{"line":11,"column":19},"end":{"line":11,"column":24}},"4":{"start":{"line":13,"column":29},"end":{"line":68,"column":1}},"5":{"start":{"line":14,"column":2},"end":{"line":67,"column":3}},"6":{"start":{"line":16,"column":4},"end":{"line":40,"column":5}},"7":{"start":{"line":17,"column":23},"end":{"line":17,"column":37}},"8":{"start":{"line":18,"column":6},"end":{"line":18,"column":61}},"9":{"start":{"line":19,"column":6},"end":{"line":19,"column":55}},"10":{"start":{"line":21,"column":22},"end":{"line":24,"column":7}},"11":{"start":{"line":27,"column":23},"end":{"line":33,"column":8}},"12":{"start":{"line":35,"column":6},"end":{"line":39,"column":8}},"13":{"start":{"line":43,"column":21},"end":{"line":54,"column":6}},"14":{"start":{"line":56,"column":4},"end":{"line":60,"column":6}},"15":{"start":{"line":62,"column":4},"end":{"line":66,"column":6}},"16":{"start":{"line":71,"column":32},"end":{"line":77,"column":1}},"17":{"start":{"line":72,"column":20},"end":{"line":72,"column":71}},"18":{"start":{"line":74,"column":2},"end":{"line":76,"column":3}},"19":{"start":{"line":75,"column":4},"end":{"line":75,"column":46}},"20":{"start":{"line":81,"column":38},"end":{"line":82,"column":70}},"21":{"start":{"line":82,"column":2},"end":{"line":82,"column":70}},"22":{"start":{"line":84,"column":38},"end":{"line":85,"column":68}},"23":{"start":{"line":85,"column":2},"end":{"line":85,"column":68}},"24":{"start":{"line":87,"column":35},"end":{"line":88,"column":86}},"25":{"start":{"line":88,"column":2},"end":{"line":88,"column":86}},"26":{"start":{"line":90,"column":32},"end":{"line":91,"column":62}},"27":{"start":{"line":91,"column":2},"end":{"line":91,"column":62}},"28":{"start":{"line":93,"column":33},"end":{"line":94,"column":53}},"29":{"start":{"line":94,"column":2},"end":{"line":94,"column":53}},"30":{"start":{"line":96,"column":38},"end":{"line":97,"column":70}},"31":{"start":{"line":97,"column":2},"end":{"line":97,"column":70}},"32":{"start":{"line":99,"column":37},"end":{"line":100,"column":53}},"33":{"start":{"line":100,"column":2},"end":{"line":100,"column":53}},"34":{"start":{"line":102,"column":37},"end":{"line":103,"column":75}},"35":{"start":{"line":103,"column":2},"end":{"line":103,"column":75}},"36":{"start":{"line":105,"column":42},"end":{"line":107,"column":1}},"37":{"start":{"line":106,"column":2},"end":{"line":106,"column":65}},"38":{"start":{"line":109,"column":34},"end":{"line":110,"column":60}},"39":{"start":{"line":110,"column":2},"end":{"line":110,"column":60}}},"fnMap":{"0":{"name":"(anonymous_0)","decl":{"start":{"line":13,"column":29},"end":{"line":13,"column":30}},"loc":{"start":{"line":13,"column":94},"end":{"line":68,"column":1}},"line":13},"1":{"name":"(anonymous_1)","decl":{"start":{"line":71,"column":32},"end":{"line":71,"column":33}},"loc":{"start":{"line":71,"column":45},"end":{"line":77,"column":1}},"line":71},"2":{"name":"(anonymous_2)","decl":{"start":{"line":81,"column":38},"end":{"line":81,"column":39}},"loc":{"start":{"line":82,"column":2},"end":{"line":82,"column":70}},"line":82},"3":{"name":"(anonymous_3)","decl":{"start":{"line":84,"column":38},"end":{"line":84,"column":39}},"loc":{"start":{"line":85,"column":2},"end":{"line":85,"column":68}},"line":85},"4":{"name":"(anonymous_4)","decl":{"start":{"line":87,"column":35},"end":{"line":87,"column":36}},"loc":{"start":{"line":88,"column":2},"end":{"line":88,"column":86}},"line":88},"5":{"name":"(anonymous_5)","decl":{"start":{"line":90,"column":32},"end":{"line":90,"column":33}},"loc":{"start":{"line":91,"column":2},"end":{"line":91,"column":62}},"line":91},"6":{"name":"(anonymous_6)","decl":{"start":{"line":93,"column":33},"end":{"line":93,"column":34}},"loc":{"start":{"line":94,"column":2},"end":{"line":94,"column":53}},"line":94},"7":{"name":"(anonymous_7)","decl":{"start":{"line":96,"column":38},"end":{"line":96,"column":39}},"loc":{"start":{"line":97,"column":2},"end":{"line":97,"column":70}},"line":97},"8":{"name":"(anonymous_8)","decl":{"start":{"line":99,"column":37},"end":{"line":99,"column":38}},"loc":{"start":{"line":100,"column":2},"end":{"line":100,"column":53}},"line":100},"9":{"name":"(anonymous_9)","decl":{"start":{"line":102,"column":37},"end":{"line":102,"column":38}},"loc":{"start":{"line":103,"column":2},"end":{"line":103,"column":75}},"line":103},"10":{"name":"(anonymous_10)","decl":{"start":{"line":105,"column":42},"end":{"line":105,"column":43}},"loc":{"start":{"line":105,"column":62},"end":{"line":107,"column":1}},"line":105},"11":{"name":"(anonymous_11)","decl":{"start":{"line":109,"column":34},"end":{"line":109,"column":35}},"loc":{"start":{"line":110,"column":2},"end":{"line":110,"column":60}},"line":110}},"branchMap":{"0":{"loc":{"start":{"line":13,"column":50},"end":{"line":13,"column":62}},"type":"default-arg","locations":[{"start":{"line":13,"column":60},"end":{"line":13,"column":62}}],"line":13},"1":{"loc":{"start":{"line":13,"column":64},"end":{"line":13,"column":74}},"type":"default-arg","locations":[{"start":{"line":13,"column":72},"end":{"line":13,"column":74}}],"line":13},"2":{"loc":{"start":{"line":13,"column":76},"end":{"line":13,"column":89}},"type":"default-arg","locations":[{"start":{"line":13,"column":87},"end":{"line":13,"column":89}}],"line":13},"3":{"loc":{"start":{"line":16,"column":4},"end":{"line":40,"column":5}},"type":"if","locations":[{"start":{"line":16,"column":4},"end":{"line":40,"column":5}},{"start":{},"end":{}}],"line":16},"4":{"loc":{"start":{"line":23,"column":23},"end":{"line":23,"column":53}},"type":"cond-expr","locations":[{"start":{"line":23,"column":31},"end":{"line":23,"column":48}},{"start":{"line":23,"column":51},"end":{"line":23,"column":53}}],"line":23},"5":{"loc":{"start":{"line":48,"column":23},"end":{"line":48,"column":53}},"type":"cond-expr","locations":[{"start":{"line":48,"column":31},"end":{"line":48,"column":48}},{"start":{"line":48,"column":51},"end":{"line":48,"column":53}}],"line":48},"6":{"loc":{"start":{"line":51,"column":10},"end":{"line":53,"column":27}},"type":"cond-expr","locations":[{"start":{"line":52,"column":10},"end":{"line":52,"column":29}},{"start":{"line":53,"column":10},"end":{"line":53,"column":27}}],"line":51},"7":{"loc":{"start":{"line":51,"column":10},"end":{"line":51,"column":77}},"type":"binary-expr","locations":[{"start":{"line":51,"column":10},"end":{"line":51,"column":40}},{"start":{"line":51,"column":44},"end":{"line":51,"column":77}}],"line":51},"8":{"loc":{"start":{"line":63,"column":18},"end":{"line":63,"column":47}},"type":"binary-expr","locations":[{"start":{"line":63,"column":18},"end":{"line":63,"column":40}},{"start":{"line":63,"column":44},"end":{"line":63,"column":47}}],"line":63},"9":{"loc":{"start":{"line":64,"column":12},"end":{"line":64,"column":72}},"type":"binary-expr","locations":[{"start":{"line":64,"column":12},"end":{"line":64,"column":32}},{"start":{"line":64,"column":36},"end":{"line":64,"column":72}}],"line":64},"10":{"loc":{"start":{"line":65,"column":15},"end":{"line":65,"column":44}},"type":"binary-expr","locations":[{"start":{"line":65,"column":15},"end":{"line":65,"column":38}},{"start":{"line":65,"column":42},"end":{"line":65,"column":44}}],"line":65},"11":{"loc":{"start":{"line":74,"column":2},"end":{"line":76,"column":3}},"type":"if","locations":[{"start":{"line":74,"column":2},"end":{"line":76,"column":3}},{"start":{},"end":{}}],"line":74}},"s":{"0":2,"1":2,"2":2,"3":2,"4":2,"5":64,"6":64,"7":4,"8":4,"9":4,"10":4,"11":4,"12":1,"13":60,"14":28,"15":35,"16":2,"17":17,"18":17,"19":0,"20":2,"21":11,"22":2,"23":4,"24":2,"25":27,"26":2,"27":5,"28":2,"29":2,"30":2,"31":3,"32":2,"33":2,"34":2,"35":4,"36":2,"37":3,"38":2,"39":3},"f":{"0":64,"1":17,"2":11,"3":4,"4":27,"5":5,"6":2,"7":3,"8":2,"9":4,"10":3,"11":3},"b":{"0":[0],"1":[32],"2":[60],"3":[4,60],"4":[4,0],"5":[28,32],"6":[8,52],"7":[60,55],"8":[35,0],"9":[35,0],"10":[35,0],"11":[0,17]},"_coverageSchema":"1a1c01bbd47fc00a2c39e90264f33305004495a9","hash":"cd7675a00676b1f8c86fc1d5e78160ca19cc4450"}
}
