{"/Users/annabel/seng2021/code-crusaders/backend/src/tests/wrapper.js": {"path":"/Users/annabel/seng2021/code-crusaders/backend/src/tests/wrapper.js","statementMap":{"0":{"start":{"line":3,"column":13},"end":{"line":3,"column":24}},"1":{"start":{"line":4,"column":12},"end":{"line":4,"column":22}},"2":{"start":{"line":5,"column":19},"end":{"line":5,"column":35}},"3":{"start":{"line":6,"column":19},"end":{"line":6,"column":24}},"4":{"start":{"line":8,"column":29},"end":{"line":25,"column":1}},"5":{"start":{"line":14,"column":11},"end":{"line":14,"column":13}},"6":{"start":{"line":15,"column":13},"end":{"line":15,"column":15}},"7":{"start":{"line":16,"column":2},"end":{"line":21,"column":3}},"8":{"start":{"line":17,"column":4},"end":{"line":17,"column":17}},"9":{"start":{"line":20,"column":4},"end":{"line":20,"column":19}},"10":{"start":{"line":22,"column":14},"end":{"line":22,"column":31}},"11":{"start":{"line":23,"column":14},"end":{"line":23,"column":78}},"12":{"start":{"line":24,"column":2},"end":{"line":24,"column":13}},"13":{"start":{"line":27,"column":38},"end":{"line":29,"column":1}},"14":{"start":{"line":28,"column":2},"end":{"line":28,"column":72}},"15":{"start":{"line":34,"column":38},"end":{"line":36,"column":1}},"16":{"start":{"line":35,"column":2},"end":{"line":35,"column":70}}},"fnMap":{"0":{"name":"(anonymous_0)","decl":{"start":{"line":8,"column":29},"end":{"line":8,"column":30}},"loc":{"start":{"line":13,"column":5},"end":{"line":25,"column":1}},"line":13},"1":{"name":"(anonymous_1)","decl":{"start":{"line":27,"column":38},"end":{"line":27,"column":39}},"loc":{"start":{"line":27,"column":57},"end":{"line":29,"column":1}},"line":27},"2":{"name":"(anonymous_2)","decl":{"start":{"line":34,"column":38},"end":{"line":34,"column":39}},"loc":{"start":{"line":34,"column":66},"end":{"line":36,"column":1}},"line":34}},"branchMap":{"0":{"loc":{"start":{"line":12,"column":2},"end":{"line":12,"column":14}},"type":"default-arg","locations":[{"start":{"line":12,"column":12},"end":{"line":12,"column":14}}],"line":12},"1":{"loc":{"start":{"line":16,"column":2},"end":{"line":21,"column":3}},"type":"if","locations":[{"start":{"line":16,"column":2},"end":{"line":21,"column":3}},{"start":{"line":18,"column":9},"end":{"line":21,"column":3}}],"line":16}},"s":{"0":1,"1":1,"2":1,"3":1,"4":1,"5":5,"6":5,"7":5,"8":0,"9":5,"10":5,"11":5,"12":0,"13":1,"14":5,"15":1,"16":0},"f":{"0":5,"1":5,"2":0},"b":{"0":[5],"1":[0,5]},"_coverageSchema":"1a1c01bbd47fc00a2c39e90264f33305004495a9","hash":"003860196fcf766afa684ba1e78761f7e06a9040"}
}
