TN:
SF:src/config/db.js
FNF:0
FNH:0
DA:4,2
DA:6,2
DA:7,2
DA:8,2
LF:4
LH:4
BRF:0
BRH:0
end_of_record
TN:
SF:src/middleware/authMiddleware.js
FN:4,(anonymous_0)
FNF:1
FNH:1
FNDA:5,(anonymous_0)
DA:4,1
DA:5,5
DA:7,5
DA:8,1
DA:11,4
DA:12,4
DA:13,1
DA:14,1
DA:16,3
DA:17,1
DA:18,2
DA:19,1
DA:21,1
LF:13
LH:13
BRDA:7,0,0,1
BRDA:7,0,1,4
BRDA:16,1,0,1
BRDA:16,1,1,2
BRDA:18,2,0,1
BRDA:18,2,1,1
BRF:6
BRH:6
end_of_record
TN:
SF:src/tests/wrapper.js
FN:13,(anonymous_0)
FN:71,(anonymous_1)
FN:81,(anonymous_2)
FN:84,(anonymous_3)
FN:87,(anonymous_4)
FN:90,(anonymous_5)
FN:93,(anonymous_6)
FN:96,(anonymous_7)
FN:99,(anonymous_8)
FN:102,(anonymous_9)
FN:105,(anonymous_10)
FN:109,(anonymous_11)
FNF:12
FNH:12
FNDA:64,(anonymous_0)
FNDA:17,(anonymous_1)
FNDA:11,(anonymous_2)
FNDA:4,(anonymous_3)
FNDA:27,(anonymous_4)
FNDA:5,(anonymous_5)
FNDA:2,(anonymous_6)
FNDA:3,(anonymous_7)
FNDA:2,(anonymous_8)
FNDA:4,(anonymous_9)
FNDA:3,(anonymous_10)
FNDA:3,(anonymous_11)
DA:8,2
DA:9,2
DA:10,2
DA:11,2
DA:13,2
DA:14,64
DA:16,64
DA:17,4
DA:18,4
DA:19,4
DA:21,4
DA:27,4
DA:35,1
DA:43,60
DA:56,28
DA:62,35
DA:71,2
DA:72,17
DA:74,17
DA:75,0
DA:81,2
DA:82,11
DA:84,2
DA:85,4
DA:87,2
DA:88,27
DA:90,2
DA:91,5
DA:93,2
DA:94,2
DA:96,2
DA:97,3
DA:99,2
DA:100,2
DA:102,2
DA:103,4
DA:105,2
DA:106,3
DA:109,2
DA:110,3
LF:40
LH:39
BRDA:13,0,0,0
BRDA:13,1,0,32
BRDA:13,2,0,60
BRDA:16,3,0,4
BRDA:16,3,1,60
BRDA:23,4,0,4
BRDA:23,4,1,0
BRDA:48,5,0,28
BRDA:48,5,1,32
BRDA:51,6,0,8
BRDA:51,6,1,52
BRDA:51,7,0,60
BRDA:51,7,1,55
BRDA:63,8,0,35
BRDA:63,8,1,0
BRDA:64,9,0,35
BRDA:64,9,1,0
BRDA:65,10,0,35
BRDA:65,10,1,0
BRDA:74,11,0,0
BRDA:74,11,1,17
BRF:21
BRH:15
end_of_record
