TN:
SF:src/config/db.js
FNF:0
FNH:0
DA:4,2
DA:6,2
DA:7,2
DA:8,2
LF:4
LH:4
BRF:0
BRH:0
end_of_record
TN:
SF:src/middleware/authMiddleware.js
FN:4,(anonymous_0)
FNF:1
FNH:1
FNDA:5,(anonymous_0)
DA:4,1
DA:5,5
DA:7,5
DA:8,1
DA:11,4
DA:12,4
DA:13,1
DA:14,1
DA:16,3
DA:17,1
DA:18,2
DA:19,1
DA:21,1
LF:13
LH:13
BRDA:7,0,0,1
BRDA:7,0,1,4
BRDA:16,1,0,1
BRDA:16,1,1,2
BRDA:18,2,0,1
BRDA:18,2,1,1
BRF:6
BRH:6
end_of_record
TN:
SF:src/tests/wrapper.js
FN:9,(anonymous_0)
FN:39,(anonymous_1)
FN:42,(anonymous_2)
FN:45,(anonymous_3)
FN:48,(anonymous_4)
FN:51,(anonymous_5)
FN:54,(anonymous_6)
FN:57,(anonymous_7)
FN:60,(anonymous_8)
FN:64,(anonymous_9)
FNF:10
FNH:10
FNDA:75,(anonymous_0)
FNDA:22,(anonymous_1)
FNDA:8,(anonymous_2)
FNDA:18,(anonymous_3)
FNDA:5,(anonymous_4)
FNDA:2,(anonymous_5)
FNDA:6,(anonymous_6)
FNDA:2,(anonymous_7)
FNDA:6,(anonymous_8)
FNDA:6,(anonymous_9)
DA:4,2
DA:5,2
DA:6,2
DA:7,2
DA:9,2
DA:10,75
DA:11,75
DA:23,46
DA:29,29
DA:39,2
DA:40,22
DA:42,2
DA:43,8
DA:45,2
DA:46,18
DA:48,2
DA:49,5
DA:51,2
DA:52,2
DA:54,2
DA:55,6
DA:57,2
DA:58,2
DA:60,2
DA:61,6
DA:64,2
DA:65,6
LF:27
LH:27
BRDA:9,0,0,0
BRDA:9,1,0,23
BRDA:16,2,0,52
BRDA:16,2,1,23
BRDA:19,3,0,14
BRDA:19,3,1,61
BRDA:19,4,0,75
BRDA:19,4,1,67
BRDA:30,5,0,29
BRDA:30,5,1,0
BRDA:31,6,0,29
BRDA:31,6,1,0
BRF:12
BRH:9
end_of_record
